<?xml version="1.0" encoding="UTF-8"?>
<!-- Generated by org.testng.reporters.JUnitXMLReporter -->
<testsuite ignored="0" hostname="LAPTOP-BCMO95IV" failures="0" tests="3" name="Login Test" time="58.599" errors="0" timestamp="2024-03-11T17:47:28 IST">
  <testcase classname="pageTests.LoginPageTests" name="ValidLoginTest" time="16.548"/>
  <testcase classname="pageTests.LoginPageTests" name="InvalidLoginTest" time="8.222"/>
  <testcase classname="pageTests.RegisterPageTests" name="enterNewUserDetails" time="26.053"/>
</testsuite> <!-- Login Test -->
