<?xml version="1.0" encoding="UTF-8"?>
<testng-results ignored="0" total="2" passed="2" failed="0" skipped="0">
  <reporter-output>
  </reporter-output>
  <suite started-at="2024-03-01T15:53:21 IST" name="Default suite" finished-at="2024-03-01T15:53:47 IST" duration-ms="25808">
    <groups>
    </groups>
    <test started-at="2024-03-01T15:53:21 IST" name="Default test" finished-at="2024-03-01T15:53:47 IST" duration-ms="25808">
      <class name="pageTests.LoginPageTests">
        <test-method is-config="true" signature="setUp()[pri:0, instance:pageTests.LoginPageTests@79145d5a]" started-at="2024-03-01T15:53:21 IST" name="setUp" finished-at="2024-03-01T15:53:23 IST" duration-ms="2375" status="PASS">
          <reporter-output>
          </reporter-output>
        </test-method> <!-- setUp -->
        <test-method signature="ValidLoginTest()[pri:1, instance:pageTests.LoginPageTests@79145d5a]" started-at="2024-03-01T15:53:23 IST" name="ValidLoginTest" description="User is able to login with valid username and password and redirected to HomePage" finished-at="2024-03-01T15:53:37 IST" duration-ms="14084" status="PASS">
          <reporter-output>
          </reporter-output>
        </test-method> <!-- ValidLoginTest -->
        <test-method is-config="true" signature="tearDown()[pri:0, instance:pageTests.LoginPageTests@79145d5a]" started-at="2024-03-01T15:53:37 IST" name="tearDown" finished-at="2024-03-01T15:53:38 IST" duration-ms="244" status="PASS">
          <reporter-output>
          </reporter-output>
        </test-method> <!-- tearDown -->
        <test-method is-config="true" signature="setUp()[pri:0, instance:pageTests.LoginPageTests@79145d5a]" started-at="2024-03-01T15:53:38 IST" name="setUp" finished-at="2024-03-01T15:53:39 IST" duration-ms="1529" status="PASS">
          <reporter-output>
          </reporter-output>
        </test-method> <!-- setUp -->
        <test-method signature="InvalidLoginTest()[pri:2, instance:pageTests.LoginPageTests@79145d5a]" started-at="2024-03-01T15:53:39 IST" name="InvalidLoginTest" description="User is not able to login" finished-at="2024-03-01T15:53:46 IST" duration-ms="7265" status="PASS">
          <reporter-output>
          </reporter-output>
        </test-method> <!-- InvalidLoginTest -->
        <test-method is-config="true" signature="tearDown()[pri:0, instance:pageTests.LoginPageTests@79145d5a]" started-at="2024-03-01T15:53:46 IST" name="tearDown" finished-at="2024-03-01T15:53:47 IST" duration-ms="238" status="PASS">
          <reporter-output>
          </reporter-output>
        </test-method> <!-- tearDown -->
      </class> <!-- pageTests.LoginPageTests -->
    </test> <!-- Default test -->
  </suite> <!-- Default suite -->
</testng-results>
